<?xml version="1.0" encoding="UTF-8"?>
<testsuite xmlns:xsi="http://www.w3.org/2001/XMLSchema-instance" xsi:noNamespaceSchemaLocation="https://maven.apache.org/surefire/maven-surefire-plugin/xsd/surefire-test-report.xsd" version="3.0.2" name="com.smarthome.gateway.service.ThresholdServiceTest" time="0.166" tests="5" errors="0" skipped="0" failures="0">
  <properties>
[...]
</properties>
  <testcase name="redisOverrideTakesPrecedenceOverYaml" classname="com.smarthome.gateway.service.ThresholdServiceTest" time="0.121"/>
  <testcase name="fallsBackToYamlWhenRedisFails" classname="com.smarthome.gateway.service.ThresholdServiceTest" time="0.008">
    <system-out><![CDATA[08:15:05.131 [main] WARN com.smarthome.gateway.service.ThresholdService -- Threshold lookup from Redis failed for temperature (falling back to YAML): redis down
]]></system-out>
  </testcase>
  <testcase name="nullSensorTypeReturnsNull" classname="com.smarthome.gateway.service.ThresholdServiceTest" time="0.005"/>
  <testcase name="updateThresholdPersistsOverrideToRedis" classname="com.smarthome.gateway.service.ThresholdServiceTest" time="0.012">
    <system-out><![CDATA[08:15:05.149 [main] INFO com.smarthome.gateway.service.ThresholdService -- Threshold override updated for TEMPERATURE: [12.5, 35.5]
]]></system-out>
  </testcase>
  <testcase name="fallsBackToYamlWhenNoOverridePresent" classname="com.smarthome.gateway.service.ThresholdServiceTest" time="0.008"/>
</testsuite>