<?xml version="1.0" encoding="UTF-8"?>
<testsuite xmlns:xsi="http://www.w3.org/2001/XMLSchema-instance" xsi:noNamespaceSchemaLocation="https://maven.apache.org/surefire/maven-surefire-plugin/xsd/surefire-test-report.xsd" version="3.0.2" name="com.smarthome.registry.security.RegistrySecurityTest" time="5.225" tests="8" errors="0" skipped="0" failures="0">
  <properties>
[...]
</properties>
  <testcase name="register_withOperatorRole_isCreated" classname="com.smarthome.registry.security.RegistrySecurityTest" time="0.527">
    <system-out><![CDATA[03:31:24.729 [main] INFO org.springframework.test.context.support.AnnotationConfigContextLoaderUtils -- Could not detect default configuration classes for test class [com.smarthome.registry.security.RegistrySecurityTest]: RegistrySecurityTest does not declare any static, non-private, non-final, nested classes annotated with @Configuration.
03:31:24.841 [main] INFO org.springframework.boot.test.context.SpringBootTestContextBootstrapper -- Found @SpringBootConfiguration com.smarthome.registry.DeviceRegistryServiceApplication for test class com.smarthome.registry.security.RegistrySecurityTest

  .   ____          _            __ _ _
 /\\ / ___'_ __ _ _(_)_ __  __ _ \ \ \ \
( ( )\___ | '_ | '_| | '_ \/ _` | \ \ \ \
 \\/  ___)| |_)| | | | | || (_| |  ) ) ) )
  '  |____| .__|_| |_|_| |_\__, | / / / /
 =========|_|==============|___/=/_/_/_/

 :: Spring Boot ::                (v4.0.1)

{"@timestamp":"2026-06-26T03:31:25.4221763+07:00","@version":"1","message":"Starting RegistrySecurityTest using Java 25.0.3 with PID 35272 (started by pdu in D:\\workspaces\\iot\\device-registry-service)","logger_name":"com.smarthome.registry.security.RegistrySecurityTest","thread_name":"main","level":"INFO","level_value":20000,"appName":"device-registry-service","tags":["COMMONS-LOGGING"],"service":"device-registry-service"}
{"@timestamp":"2026-06-26T03:31:25.4331844+07:00","@version":"1","message":"Running with Spring Boot v4.0.1, Spring v7.0.2","logger_name":"com.smarthome.registry.security.RegistrySecurityTest","thread_name":"main","level":"DEBUG","level_value":10000,"appName":"device-registry-service","tags":["COMMONS-LOGGING"],"service":"device-registry-service"}
{"@timestamp":"2026-06-26T03:31:25.4341892+07:00","@version":"1","message":"No active profile set, falling back to 1 default profile: \"default\"","logger_name":"com.smarthome.registry.security.RegistrySecurityTest","thread_name":"main","level":"INFO","level_value":20000,"appName":"device-registry-service","tags":["COMMONS-LOGGING"],"service":"device-registry-service"}
{"@timestamp":"2026-06-26T03:31:25.6201661+07:00","@version":"1","message":"HV000001: Hibernate Validator 9.0.1.Final","logger_name":"org.hibernate.validator.internal.util.Version","thread_name":"background-preinit","level":"INFO","level_value":20000,"appName":"device-registry-service","service":"device-registry-service"}
{"@timestamp":"2026-06-26T03:31:29.0811657+07:00","@version":"1","message":"Initializing Spring TestDispatcherServlet ''","logger_name":"org.springframework.boot.test.mock.web.SpringBootMockServletContext","thread_name":"main","level":"INFO","level_value":20000,"appName":"device-registry-service","tags":["COMMONS-LOGGING"],"service":"device-registry-service"}
{"@timestamp":"2026-06-26T03:31:29.0811657+07:00","@version":"1","message":"Initializing Servlet ''","logger_name":"org.springframework.test.web.servlet.TestDispatcherServlet","thread_name":"main","level":"INFO","level_value":20000,"appName":"device-registry-service","tags":["COMMONS-LOGGING"],"service":"device-registry-service"}
{"@timestamp":"2026-06-26T03:31:29.0811657+07:00","@version":"1","message":"Completed initialization in 0 ms","logger_name":"org.springframework.test.web.servlet.TestDispatcherServlet","thread_name":"main","level":"INFO","level_value":20000,"appName":"device-registry-service","tags":["COMMONS-LOGGING"],"service":"device-registry-service"}
{"@timestamp":"2026-06-26T03:31:29.123059+07:00","@version":"1","message":"Started RegistrySecurityTest in 4.221 seconds (process running for 5.674)","logger_name":"com.smarthome.registry.security.RegistrySecurityTest","thread_name":"main","level":"INFO","level_value":20000,"appName":"device-registry-service","tags":["COMMONS-LOGGING"],"service":"device-registry-service"}
]]></system-out>
    <system-err><![CDATA[Mockito is currently self-attaching to enable the inline-mock-maker. This will no longer work in future releases of the JDK. Please add Mockito as an agent to your build as described in Mockito's documentation: https://javadoc.io/doc/org.mockito/mockito-core/latest/org.mockito/org/mockito/Mockito.html#0.3
WARNING: A Java agent has been loaded dynamically (C:\Users\pdu\.m2\repository\net\bytebuddy\byte-buddy-agent\1.17.8\byte-buddy-agent-1.17.8.jar)
WARNING: If a serviceability tool is in use, please run with -XX:+EnableDynamicAgentLoading to hide this warning
WARNING: If a serviceability tool is not in use, please run with -Djdk.instrument.traceUsage for more information
WARNING: Dynamic loading of agents will be disallowed by default in a future release
]]></system-err>
  </testcase>
  <testcase name="updateStatus_withAdminRole_isOk" classname="com.smarthome.registry.security.RegistrySecurityTest" time="0.032"/>
  <testcase name="delete_withAdminRole_isNoContent" classname="com.smarthome.registry.security.RegistrySecurityTest" time="0.019"/>
  <testcase name="register_withViewerRole_isForbidden" classname="com.smarthome.registry.security.RegistrySecurityTest" time="0.015"/>
  <testcase name="listDevices_withoutToken_isUnauthorized" classname="com.smarthome.registry.security.RegistrySecurityTest" time="0.016"/>
  <testcase name="updateStatus_withOperatorRole_isForbidden" classname="com.smarthome.registry.security.RegistrySecurityTest" time="0.006"/>
  <testcase name="delete_withOperatorRole_isForbidden" classname="com.smarthome.registry.security.RegistrySecurityTest" time="0.009"/>
  <testcase name="listDevices_withViewerRole_isOk" classname="com.smarthome.registry.security.RegistrySecurityTest" time="0.02"/>
</testsuite>