<?xml version="1.0" encoding="UTF-8"?>
<testsuite xmlns:xsi="http://www.w3.org/2001/XMLSchema-instance" xsi:noNamespaceSchemaLocation="https://maven.apache.org/surefire/maven-surefire-plugin/xsd/surefire-test-report.xsd" version="3.0.2" name="com.smarthome.registry.DeviceRegistryIntegrationTest" time="0.005" tests="2" errors="0" skipped="2" failures="0">
  <properties/>
  <testcase name="lifecycle_registerHeartbeatAndSweep" classname="com.smarthome.registry.DeviceRegistryIntegrationTest" time="0.0">
    <skipped message="disabledWithoutDocker is true and Docker is not available"/>
    <system-out><![CDATA[11:10:37.397 [main] INFO org.testcontainers.DockerClientFactory -- Testcontainers version: 1.21.3
11:10:37.696 [main] INFO org.testcontainers.dockerclient.DockerMachineClientProviderStrategy -- docker-machine executable was not found on PATH ([C:\Windows\System32\OpenSSH, C:\bin, C:\Program Files\Git\mingw64\bin, C:\Program Files\Git\usr\local\bin, C:\Program Files\Git\usr\bin, C:\Program Files\Git\usr\bin, C:\Windows\System32\OpenSSH, C:\Program Files\Git\mingw64\bin, C:\Program Files\Git\usr\bin, C:\bin, C:\Program Files\Python312\Scripts, C:\Program Files\Python312, C:\WINDOWS\system32, C:\WINDOWS, C:\WINDOWS\System32\Wbem, C:\WINDOWS\System32\WindowsPowerShell\v1.0, C:\WINDOWS\System32\OpenSSH, C:\Strawberry\c\bin, C:\Strawberry\perl\site\bin, C:\Strawberry\perl\bin, C:\Program Files (x86)\Microsoft SQL Server\150\DTS\Binn, C:\Program Files\Azure Data Studio\bin, C:\Program Files\Microsoft SQL Server\Client SDK\ODBC\170\Tools\Binn, C:\Program Files (x86)\Microsoft SQL Server\150\Tools\Binn, C:\Program Files\Microsoft SQL Server\150\Tools\Binn, C:\Program Files\Microsoft SQL Server\150\DTS\Binn, C:\Program Files\Maven\apache-maven-3.9.5\bin, C:\WS\common-core\Inca\DevThirdParty\Java\current\bin, C:\Tools\curl, C:\Program Files\Perforce, C:\Program Files\dotnet, C:\Users\pdu\AppData\Roaming\Python\Python312\Scripts, C:\Tools\scripts, C:\Program Files (x86)\cloudflared, C:\Program Files (x86)\NVIDIA Corporation\PhysX\Common, C:\Tools\appsmith, C:\Users\pdu\AppData\Local\nvm, C:\nvm4w\nodejs, C:\Program Files\Git\cmd, C:\Program Files\Docker\Docker\resources\bin, C:\Users\pdu\.local\bin, C:\Program Files\MySQL\MySQL Shell 8.0\bin, C:\Users\pdu\AppData\Local\Programs\Python\Python312\Scripts, C:\Users\pdu\AppData\Local\Programs\Python\Python312, C:\Users\pdu\AppData\Local\Microsoft\WindowsApps, C:\Program Files\JetBrains\IntelliJ IDEA 2025.1\bin, C:\Applications\Atlassian\atlassian-plugin-sdk-8.2.7\bin, C:\Users\pdu\AppData\Local\Programs\Azure Data Studio\bin, C:\Users\pdu\AppData\Local\Programs\Microsoft VS Code\bin, C:\Users\pdu\AppData\Roaming\npm, C:\Users\pdu\AppData\Local\Programs\Ollama, C:\Users\pdu\AppData\Local\nvm, C:\nvm4w\nodejs, C:\Program Files\Git\usr\bin\vendor_perl, C:\Program Files\Git\usr\bin\core_perl])
11:10:37.697 [main] ERROR org.testcontainers.dockerclient.DockerClientProviderStrategy -- Could not find a valid Docker environment. Please check configuration. Attempted configurations were:
As no valid configuration was found, execution cannot continue.
See https://java.testcontainers.org/on_failure.html for more details.
]]></system-out>
  </testcase>
  <testcase name="decommission_marksDeviceDecommissioned" classname="com.smarthome.registry.DeviceRegistryIntegrationTest" time="0.0">
    <skipped message="disabledWithoutDocker is true and Docker is not available"/>
  </testcase>
</testsuite>